<?xml version="1.0" encoding="UTF-8"?>
<!-- Generated by org.testng.reporters.JUnitReportReporter -->
<testsuite hostname="SUDHANSHU-RTRBRAT4" failures="0" tests="1" name="testcases.NewEnterpriseCheck" time="0.009" errors="0" timestamp="2023-09-14T15:28:43 IST" skipped="0">
  <testcase classname="testcases.NewEnterpriseCheck" name="navigateToOACDashBoardTest" time="0.009"/>
</testsuite> <!-- testcases.NewEnterpriseCheck -->
